<?xml version="1.0" encoding="UTF-8"?>
<!-- Generated by org.testng.reporters.JUnitXMLReporter -->
<testsuite ignored="3" hostname="DESKTOP-KPS8173" failures="0" tests="1" name="Default test" time="2.862" errors="0" timestamp="2025-08-19T22:54:38 ICT">
  <testcase classname="automation.testsuite.BTVNDay14_Test" name="newLoginSuccessfully" time="0.675"/>
  <testcase classname="automation.testsuite.BTVNDay14_Test" name="editInfo" time="0.0">
    <ignored/>
  </testcase> <!-- editInfo -->
  <testcase classname="automation.testsuite.BTVNDay14_Test" name="LoginSuccessfully" time="0.0">
    <ignored/>
  </testcase> <!-- LoginSuccessfully -->
  <testcase classname="automation.testsuite.BTVNDay14_Test" name="Signup" time="0.0">
    <ignored/>
  </testcase> <!-- Signup -->
</testsuite> <!-- Default test -->
