<?xml version="1.0" encoding="UTF-8"?>
<!-- Generated by org.testng.reporters.JUnitXMLReporter -->
<testsuite ignored="2" hostname="DESKTOP-KPS8173" failures="0" tests="1" name="Default test" time="13.146" errors="0" timestamp="2025-09-07T00:35:42 ICT">
  <testcase classname="automation.testsuite.Homework1_Day16" name="addKLVSuccessfully" time="6.737"/>
  <testcase classname="automation.testsuite.Homework1_Day16" name="deleteKLVSuccessfully" time="0.0">
    <ignored/>
  </testcase> <!-- deleteKLVSuccessfully -->
  <testcase classname="automation.testsuite.Homework1_Day16" name="LoginSuccessfully" time="0.0">
    <ignored/>
  </testcase> <!-- LoginSuccessfully -->
</testsuite> <!-- Default test -->
