<?xml version="1.0" encoding="UTF-8"?>
<testng-results ignored="0" total="1" passed="1" failed="0" skipped="0">
  <reporter-output>
  </reporter-output>
  <suite started-at="2025-09-08T23:12:09 ICT" name="Default suite" finished-at="2025-09-08T23:12:16 ICT" duration-ms="7469">
    <groups>
    </groups>
    <test started-at="2025-09-08T23:12:09 ICT" name="Default test" finished-at="2025-09-08T23:12:16 ICT" duration-ms="7469">
      <class name="automation.testsuite.BTVN_Day18_HandleWgtZalo">
        <test-method is-config="true" signature="openBrowser(java.lang.String)[pri:0, instance:automation.testsuite.BTVN_Day18_HandleWgtZalo@5bf0d49]" started-at="2025-09-08T23:12:09 ICT" name="openBrowser" finished-at="2025-09-08T23:12:16 ICT" duration-ms="7383" status="PASS">
          <params>
            <param index="0">
              <value>
                <![CDATA[chrome]]>
              </value>
            </param>
          </params>
          <reporter-output>
          </reporter-output>
        </test-method> <!-- openBrowser -->
        <test-method signature="handleWidgtZalo()[pri:0, instance:automation.testsuite.BTVN_Day18_HandleWgtZalo@5bf0d49]" started-at="2025-09-08T23:12:16 ICT" name="handleWidgtZalo" finished-at="2025-09-08T23:12:16 ICT" duration-ms="63" status="PASS">
          <reporter-output>
          </reporter-output>
        </test-method> <!-- handleWidgtZalo -->
      </class> <!-- automation.testsuite.BTVN_Day18_HandleWgtZalo -->
    </test> <!-- Default test -->
  </suite> <!-- Default suite -->
</testng-results>
