<?xml version="1.0" encoding="UTF-8"?>
<!-- Generated by org.testng.reporters.JUnitXMLReporter -->
<testsuite ignored="0" hostname="DESKTOP-KPS8173" failures="0" tests="3" name="Regression test on firefox" time="74.995" errors="0" timestamp="2025-09-07T21:29:32 ICT">
  <testcase classname="automation.testsuite.Day17_Practice_iFrame" name="handleIframe" time="0.0">
    <skipped/>
  </testcase> <!-- handleIframe -->
  <testcase classname="automation.testsuite.ALADA_LoginLogout_Test" name="loginSuccessfully" time="0.762"/>
  <testcase classname="automation.testsuite.ALADA_LoginLogout_Test" name="logoutSuccessfully" time="0.0">
    <skipped/>
  </testcase> <!-- logoutSuccessfully -->
</testsuite> <!-- Regression test on firefox -->
