<?xml version="1.0" encoding="UTF-8"?>
<!-- Generated by org.testng.reporters.JUnitXMLReporter -->
<testsuite ignored="0" hostname="DESKTOP-KPS8173" failures="0" tests="3" name="Regression test on edge" time="51.258" errors="0" timestamp="2025-09-07T21:28:17 ICT">
  <testcase classname="automation.testsuite.Day17_Practice_iFrame" name="handleIframe" time="1.198"/>
  <testcase classname="automation.testsuite.ALADA_LoginLogout_Test" name="loginSuccessfully" time="0.808"/>
  <testcase classname="automation.testsuite.ALADA_LoginLogout_Test" name="logoutSuccessfully" time="1.528"/>
</testsuite> <!-- Regression test on edge -->
